<?xml version="1.0" encoding="UTF-8"?>
<!-- Generated by org.testng.reporters.JUnitReportReporter -->
<testsuite skipped="0" hostname="DESKTOP-G7LJERD" name="com.test.TestngDemo" tests="1" failures="0" timestamp="05 Jun 2019 18:29:59 GMT" time="6.907" errors="0">
  <testcase name="f" time="6.907" classname="com.test.TestngDemo"/>
</testsuite> <!-- com.test.TestngDemo -->
